[2026-02-17T15:07:07.886Z] Error: Access denied for tagsAdd field.
Stack: Error: Access denied for tagsAdd field.
    at POST (webpack-internal:///(rsc)/./src/app/api/orders/cancel-request/route.ts:93:19)
    at process.processTicksAndRejections (node:internal/process/task_queues:103:5)
    at async AppRouteRouteModule.do (/mnt/Proiecte-Dev/veridis-projects/next-shopify-headless-commerce/node_modules/next/dist/compiled/next-server/app-route.runtime.dev.js:5:38696)
    at async AppRouteRouteModule.handle (/mnt/Proiecte-Dev/veridis-projects/next-shopify-headless-commerce/node_modules/next/dist/compiled/next-server/app-route.runtime.dev.js:5:45978)
    at async responseGenerator (webpack-internal:///(rsc)/./node_modules/next/dist/build/webpack/loaders/next-app-loader/index.js?name=app%2Fapi%2Forders%2Fcancel-request%2Froute&page=%2Fapi%2Forders%2Fcancel-request%2Froute&appPaths=&pagePath=private-next-app-dir%2Fapi%2Forders%2Fcancel-request%2Froute.ts&appDir=%2Fmnt%2FProiecte-Dev%2Fveridis-projects%2Fnext-shopify-headless-commerce%2Fsrc%2Fapp&pageExtensions=tsx&pageExtensions=ts&pageExtensions=jsx&pageExtensions=js&rootDir=%2Fmnt%2FProiecte-Dev%2Fveridis-projects%2Fnext-shopify-headless-commerce&isDev=true&tsconfigPath=tsconfig.json&basePath=&assetPrefix=&nextConfigOutput=&preferredRegion=&middlewareConfig=e30%3D&isGlobalNotFoundEnabled=!:203:38)
    at async AppRouteRouteModule.handleResponse (/mnt/Proiecte-Dev/veridis-projects/next-shopify-headless-commerce/node_modules/next/dist/compiled/next-server/app-route.runtime.dev.js:1:187565)
    at async handleResponse (webpack-internal:///(rsc)/./node_modules/next/dist/build/webpack/loaders/next-app-loader/index.js?name=app%2Fapi%2Forders%2Fcancel-request%2Froute&page=%2Fapi%2Forders%2Fcancel-request%2Froute&appPaths=&pagePath=private-next-app-dir%2Fapi%2Forders%2Fcancel-request%2Froute.ts&appDir=%2Fmnt%2FProiecte-Dev%2Fveridis-projects%2Fnext-shopify-headless-commerce%2Fsrc%2Fapp&pageExtensions=tsx&pageExtensions=ts&pageExtensions=jsx&pageExtensions=js&rootDir=%2Fmnt%2FProiecte-Dev%2Fveridis-projects%2Fnext-shopify-headless-commerce&isDev=true&tsconfigPath=tsconfig.json&basePath=&assetPrefix=&nextConfigOutput=&preferredRegion=&middlewareConfig=e30%3D&isGlobalNotFoundEnabled=!:265:32)
    at async handler (webpack-internal:///(rsc)/./node_modules/next/dist/build/webpack/loaders/next-app-loader/index.js?name=app%2Fapi%2Forders%2Fcancel-request%2Froute&page=%2Fapi%2Forders%2Fcancel-request%2Froute&appPaths=&pagePath=private-next-app-dir%2Fapi%2Forders%2Fcancel-request%2Froute.ts&appDir=%2Fmnt%2FProiecte-Dev%2Fveridis-projects%2Fnext-shopify-headless-commerce%2Fsrc%2Fapp&pageExtensions=tsx&pageExtensions=ts&pageExtensions=jsx&pageExtensions=js&rootDir=%2Fmnt%2FProiecte-Dev%2Fveridis-projects%2Fnext-shopify-headless-commerce&isDev=true&tsconfigPath=tsconfig.json&basePath=&assetPrefix=&nextConfigOutput=&preferredRegion=&middlewareConfig=e30%3D&isGlobalNotFoundEnabled=!:317:13)
    at async DevServer.renderToResponseWithComponentsImpl (/mnt/Proiecte-Dev/veridis-projects/next-shopify-headless-commerce/node_modules/next/dist/server/base-server.js:1422:9)
    at async DevServer.renderPageComponent (/mnt/Proiecte-Dev/veridis-projects/next-shopify-headless-commerce/node_modules/next/dist/server/base-server.js:1474:24)
    at async DevServer.renderToResponseImpl (/mnt/Proiecte-Dev/veridis-projects/next-shopify-headless-commerce/node_modules/next/dist/server/base-server.js:1514:32)
    at async DevServer.pipeImpl (/mnt/Proiecte-Dev/veridis-projects/next-shopify-headless-commerce/node_modules/next/dist/server/base-server.js:1025:25)
    at async NextNodeServer.handleCatchallRenderRequest (/mnt/Proiecte-Dev/veridis-projects/next-shopify-headless-commerce/node_modules/next/dist/server/next-server.js:393:17)
    at async DevServer.handleRequestImpl (/mnt/Proiecte-Dev/veridis-projects/next-shopify-headless-commerce/node_modules/next/dist/server/base-server.js:916:17)
    at async /mnt/Proiecte-Dev/veridis-projects/next-shopify-headless-commerce/node_modules/next/dist/server/dev/next-dev-server.js:399:20
    at async Span.traceAsyncFn (/mnt/Proiecte-Dev/veridis-projects/next-shopify-headless-commerce/node_modules/next/dist/trace/trace.js:157:20)
    at async DevServer.handleRequest (/mnt/Proiecte-Dev/veridis-projects/next-shopify-headless-commerce/node_modules/next/dist/server/dev/next-dev-server.js:395:24)
    at async invokeRender (/mnt/Proiecte-Dev/veridis-projects/next-shopify-headless-commerce/node_modules/next/dist/server/lib/router-server.js:240:21)
    at async handleRequest (/mnt/Proiecte-Dev/veridis-projects/next-shopify-headless-commerce/node_modules/next/dist/server/lib/router-server.js:437:24)
    at async requestHandlerImpl (/mnt/Proiecte-Dev/veridis-projects/next-shopify-headless-commerce/node_modules/next/dist/server/lib/router-server.js:485:13)
    at async Server.requestListener (/mnt/Proiecte-Dev/veridis-projects/next-shopify-headless-commerce/node_modules/next/dist/server/lib/start-server.js:226:13)
Details: {}

[2026-02-17T15:08:59.369Z] Error: Access denied for order field. Required access: `read_orders` access scope, `read_marketplace_orders` access scope or `read_quick_sale` access scope.
Stack: Error: Access denied for order field. Required access: `read_orders` access scope, `read_marketplace_orders` access scope or `read_quick_sale` access scope.
    at POST (webpack-internal:///(rsc)/./src/app/api/orders/cancel-request/route.ts:99:19)
    at process.processTicksAndRejections (node:internal/process/task_queues:103:5)
    at async AppRouteRouteModule.do (/mnt/Proiecte-Dev/veridis-projects/next-shopify-headless-commerce/node_modules/next/dist/compiled/next-server/app-route.runtime.dev.js:5:38696)
    at async AppRouteRouteModule.handle (/mnt/Proiecte-Dev/veridis-projects/next-shopify-headless-commerce/node_modules/next/dist/compiled/next-server/app-route.runtime.dev.js:5:45978)
    at async responseGenerator (webpack-internal:///(rsc)/./node_modules/next/dist/build/webpack/loaders/next-app-loader/index.js?name=app%2Fapi%2Forders%2Fcancel-request%2Froute&page=%2Fapi%2Forders%2Fcancel-request%2Froute&appPaths=&pagePath=private-next-app-dir%2Fapi%2Forders%2Fcancel-request%2Froute.ts&appDir=%2Fmnt%2FProiecte-Dev%2Fveridis-projects%2Fnext-shopify-headless-commerce%2Fsrc%2Fapp&pageExtensions=tsx&pageExtensions=ts&pageExtensions=jsx&pageExtensions=js&rootDir=%2Fmnt%2FProiecte-Dev%2Fveridis-projects%2Fnext-shopify-headless-commerce&isDev=true&tsconfigPath=tsconfig.json&basePath=&assetPrefix=&nextConfigOutput=&preferredRegion=&middlewareConfig=e30%3D&isGlobalNotFoundEnabled=!:203:38)
    at async AppRouteRouteModule.handleResponse (/mnt/Proiecte-Dev/veridis-projects/next-shopify-headless-commerce/node_modules/next/dist/compiled/next-server/app-route.runtime.dev.js:1:187565)
    at async handleResponse (webpack-internal:///(rsc)/./node_modules/next/dist/build/webpack/loaders/next-app-loader/index.js?name=app%2Fapi%2Forders%2Fcancel-request%2Froute&page=%2Fapi%2Forders%2Fcancel-request%2Froute&appPaths=&pagePath=private-next-app-dir%2Fapi%2Forders%2Fcancel-request%2Froute.ts&appDir=%2Fmnt%2FProiecte-Dev%2Fveridis-projects%2Fnext-shopify-headless-commerce%2Fsrc%2Fapp&pageExtensions=tsx&pageExtensions=ts&pageExtensions=jsx&pageExtensions=js&rootDir=%2Fmnt%2FProiecte-Dev%2Fveridis-projects%2Fnext-shopify-headless-commerce&isDev=true&tsconfigPath=tsconfig.json&basePath=&assetPrefix=&nextConfigOutput=&preferredRegion=&middlewareConfig=e30%3D&isGlobalNotFoundEnabled=!:265:32)
    at async handler (webpack-internal:///(rsc)/./node_modules/next/dist/build/webpack/loaders/next-app-loader/index.js?name=app%2Fapi%2Forders%2Fcancel-request%2Froute&page=%2Fapi%2Forders%2Fcancel-request%2Froute&appPaths=&pagePath=private-next-app-dir%2Fapi%2Forders%2Fcancel-request%2Froute.ts&appDir=%2Fmnt%2FProiecte-Dev%2Fveridis-projects%2Fnext-shopify-headless-commerce%2Fsrc%2Fapp&pageExtensions=tsx&pageExtensions=ts&pageExtensions=jsx&pageExtensions=js&rootDir=%2Fmnt%2FProiecte-Dev%2Fveridis-projects%2Fnext-shopify-headless-commerce&isDev=true&tsconfigPath=tsconfig.json&basePath=&assetPrefix=&nextConfigOutput=&preferredRegion=&middlewareConfig=e30%3D&isGlobalNotFoundEnabled=!:317:13)
    at async DevServer.renderToResponseWithComponentsImpl (/mnt/Proiecte-Dev/veridis-projects/next-shopify-headless-commerce/node_modules/next/dist/server/base-server.js:1422:9)
    at async DevServer.renderPageComponent (/mnt/Proiecte-Dev/veridis-projects/next-shopify-headless-commerce/node_modules/next/dist/server/base-server.js:1474:24)
    at async DevServer.renderToResponseImpl (/mnt/Proiecte-Dev/veridis-projects/next-shopify-headless-commerce/node_modules/next/dist/server/base-server.js:1514:32)
    at async DevServer.pipeImpl (/mnt/Proiecte-Dev/veridis-projects/next-shopify-headless-commerce/node_modules/next/dist/server/base-server.js:1025:25)
    at async NextNodeServer.handleCatchallRenderRequest (/mnt/Proiecte-Dev/veridis-projects/next-shopify-headless-commerce/node_modules/next/dist/server/next-server.js:393:17)
    at async DevServer.handleRequestImpl (/mnt/Proiecte-Dev/veridis-projects/next-shopify-headless-commerce/node_modules/next/dist/server/base-server.js:916:17)
    at async /mnt/Proiecte-Dev/veridis-projects/next-shopify-headless-commerce/node_modules/next/dist/server/dev/next-dev-server.js:399:20
    at async Span.traceAsyncFn (/mnt/Proiecte-Dev/veridis-projects/next-shopify-headless-commerce/node_modules/next/dist/trace/trace.js:157:20)
    at async DevServer.handleRequest (/mnt/Proiecte-Dev/veridis-projects/next-shopify-headless-commerce/node_modules/next/dist/server/dev/next-dev-server.js:395:24)
    at async invokeRender (/mnt/Proiecte-Dev/veridis-projects/next-shopify-headless-commerce/node_modules/next/dist/server/lib/router-server.js:240:21)
    at async handleRequest (/mnt/Proiecte-Dev/veridis-projects/next-shopify-headless-commerce/node_modules/next/dist/server/lib/router-server.js:437:24)
    at async requestHandlerImpl (/mnt/Proiecte-Dev/veridis-projects/next-shopify-headless-commerce/node_modules/next/dist/server/lib/router-server.js:485:13)
    at async Server.requestListener (/mnt/Proiecte-Dev/veridis-projects/next-shopify-headless-commerce/node_modules/next/dist/server/lib/start-server.js:226:13)
Details: {}

[2026-02-17T15:09:25.143Z] Error: Access denied for order field. Required access: `read_orders` access scope, `read_marketplace_orders` access scope or `read_quick_sale` access scope.
Stack: Error: Access denied for order field. Required access: `read_orders` access scope, `read_marketplace_orders` access scope or `read_quick_sale` access scope.
    at POST (webpack-internal:///(rsc)/./src/app/api/orders/cancel-request/route.ts:99:19)
    at process.processTicksAndRejections (node:internal/process/task_queues:103:5)
    at async AppRouteRouteModule.do (/mnt/Proiecte-Dev/veridis-projects/next-shopify-headless-commerce/node_modules/next/dist/compiled/next-server/app-route.runtime.dev.js:5:38696)
    at async AppRouteRouteModule.handle (/mnt/Proiecte-Dev/veridis-projects/next-shopify-headless-commerce/node_modules/next/dist/compiled/next-server/app-route.runtime.dev.js:5:45978)
    at async responseGenerator (webpack-internal:///(rsc)/./node_modules/next/dist/build/webpack/loaders/next-app-loader/index.js?name=app%2Fapi%2Forders%2Fcancel-request%2Froute&page=%2Fapi%2Forders%2Fcancel-request%2Froute&appPaths=&pagePath=private-next-app-dir%2Fapi%2Forders%2Fcancel-request%2Froute.ts&appDir=%2Fmnt%2FProiecte-Dev%2Fveridis-projects%2Fnext-shopify-headless-commerce%2Fsrc%2Fapp&pageExtensions=tsx&pageExtensions=ts&pageExtensions=jsx&pageExtensions=js&rootDir=%2Fmnt%2FProiecte-Dev%2Fveridis-projects%2Fnext-shopify-headless-commerce&isDev=true&tsconfigPath=tsconfig.json&basePath=&assetPrefix=&nextConfigOutput=&preferredRegion=&middlewareConfig=e30%3D&isGlobalNotFoundEnabled=!:203:38)
    at async AppRouteRouteModule.handleResponse (/mnt/Proiecte-Dev/veridis-projects/next-shopify-headless-commerce/node_modules/next/dist/compiled/next-server/app-route.runtime.dev.js:1:187565)
    at async handleResponse (webpack-internal:///(rsc)/./node_modules/next/dist/build/webpack/loaders/next-app-loader/index.js?name=app%2Fapi%2Forders%2Fcancel-request%2Froute&page=%2Fapi%2Forders%2Fcancel-request%2Froute&appPaths=&pagePath=private-next-app-dir%2Fapi%2Forders%2Fcancel-request%2Froute.ts&appDir=%2Fmnt%2FProiecte-Dev%2Fveridis-projects%2Fnext-shopify-headless-commerce%2Fsrc%2Fapp&pageExtensions=tsx&pageExtensions=ts&pageExtensions=jsx&pageExtensions=js&rootDir=%2Fmnt%2FProiecte-Dev%2Fveridis-projects%2Fnext-shopify-headless-commerce&isDev=true&tsconfigPath=tsconfig.json&basePath=&assetPrefix=&nextConfigOutput=&preferredRegion=&middlewareConfig=e30%3D&isGlobalNotFoundEnabled=!:265:32)
    at async handler (webpack-internal:///(rsc)/./node_modules/next/dist/build/webpack/loaders/next-app-loader/index.js?name=app%2Fapi%2Forders%2Fcancel-request%2Froute&page=%2Fapi%2Forders%2Fcancel-request%2Froute&appPaths=&pagePath=private-next-app-dir%2Fapi%2Forders%2Fcancel-request%2Froute.ts&appDir=%2Fmnt%2FProiecte-Dev%2Fveridis-projects%2Fnext-shopify-headless-commerce%2Fsrc%2Fapp&pageExtensions=tsx&pageExtensions=ts&pageExtensions=jsx&pageExtensions=js&rootDir=%2Fmnt%2FProiecte-Dev%2Fveridis-projects%2Fnext-shopify-headless-commerce&isDev=true&tsconfigPath=tsconfig.json&basePath=&assetPrefix=&nextConfigOutput=&preferredRegion=&middlewareConfig=e30%3D&isGlobalNotFoundEnabled=!:317:13)
    at async DevServer.renderToResponseWithComponentsImpl (/mnt/Proiecte-Dev/veridis-projects/next-shopify-headless-commerce/node_modules/next/dist/server/base-server.js:1422:9)
    at async DevServer.renderPageComponent (/mnt/Proiecte-Dev/veridis-projects/next-shopify-headless-commerce/node_modules/next/dist/server/base-server.js:1474:24)
    at async DevServer.renderToResponseImpl (/mnt/Proiecte-Dev/veridis-projects/next-shopify-headless-commerce/node_modules/next/dist/server/base-server.js:1514:32)
    at async DevServer.pipeImpl (/mnt/Proiecte-Dev/veridis-projects/next-shopify-headless-commerce/node_modules/next/dist/server/base-server.js:1025:25)
    at async NextNodeServer.handleCatchallRenderRequest (/mnt/Proiecte-Dev/veridis-projects/next-shopify-headless-commerce/node_modules/next/dist/server/next-server.js:393:17)
    at async DevServer.handleRequestImpl (/mnt/Proiecte-Dev/veridis-projects/next-shopify-headless-commerce/node_modules/next/dist/server/base-server.js:916:17)
    at async /mnt/Proiecte-Dev/veridis-projects/next-shopify-headless-commerce/node_modules/next/dist/server/dev/next-dev-server.js:399:20
    at async Span.traceAsyncFn (/mnt/Proiecte-Dev/veridis-projects/next-shopify-headless-commerce/node_modules/next/dist/trace/trace.js:157:20)
    at async DevServer.handleRequest (/mnt/Proiecte-Dev/veridis-projects/next-shopify-headless-commerce/node_modules/next/dist/server/dev/next-dev-server.js:395:24)
    at async invokeRender (/mnt/Proiecte-Dev/veridis-projects/next-shopify-headless-commerce/node_modules/next/dist/server/lib/router-server.js:240:21)
    at async handleRequest (/mnt/Proiecte-Dev/veridis-projects/next-shopify-headless-commerce/node_modules/next/dist/server/lib/router-server.js:437:24)
    at async requestHandlerImpl (/mnt/Proiecte-Dev/veridis-projects/next-shopify-headless-commerce/node_modules/next/dist/server/lib/router-server.js:485:13)
    at async Server.requestListener (/mnt/Proiecte-Dev/veridis-projects/next-shopify-headless-commerce/node_modules/next/dist/server/lib/start-server.js:226:13)
Details: {}

[2026-02-17T15:09:50.906Z] Error: Access denied for order field. Required access: `read_orders` access scope, `read_marketplace_orders` access scope or `read_quick_sale` access scope.
Stack: Error: Access denied for order field. Required access: `read_orders` access scope, `read_marketplace_orders` access scope or `read_quick_sale` access scope.
    at POST (webpack-internal:///(rsc)/./src/app/api/orders/cancel-request/route.ts:99:19)
    at process.processTicksAndRejections (node:internal/process/task_queues:103:5)
    at async AppRouteRouteModule.do (/mnt/Proiecte-Dev/veridis-projects/next-shopify-headless-commerce/node_modules/next/dist/compiled/next-server/app-route.runtime.dev.js:5:38696)
    at async AppRouteRouteModule.handle (/mnt/Proiecte-Dev/veridis-projects/next-shopify-headless-commerce/node_modules/next/dist/compiled/next-server/app-route.runtime.dev.js:5:45978)
    at async responseGenerator (webpack-internal:///(rsc)/./node_modules/next/dist/build/webpack/loaders/next-app-loader/index.js?name=app%2Fapi%2Forders%2Fcancel-request%2Froute&page=%2Fapi%2Forders%2Fcancel-request%2Froute&appPaths=&pagePath=private-next-app-dir%2Fapi%2Forders%2Fcancel-request%2Froute.ts&appDir=%2Fmnt%2FProiecte-Dev%2Fveridis-projects%2Fnext-shopify-headless-commerce%2Fsrc%2Fapp&pageExtensions=tsx&pageExtensions=ts&pageExtensions=jsx&pageExtensions=js&rootDir=%2Fmnt%2FProiecte-Dev%2Fveridis-projects%2Fnext-shopify-headless-commerce&isDev=true&tsconfigPath=tsconfig.json&basePath=&assetPrefix=&nextConfigOutput=&preferredRegion=&middlewareConfig=e30%3D&isGlobalNotFoundEnabled=!:203:38)
    at async AppRouteRouteModule.handleResponse (/mnt/Proiecte-Dev/veridis-projects/next-shopify-headless-commerce/node_modules/next/dist/compiled/next-server/app-route.runtime.dev.js:1:187565)
    at async handleResponse (webpack-internal:///(rsc)/./node_modules/next/dist/build/webpack/loaders/next-app-loader/index.js?name=app%2Fapi%2Forders%2Fcancel-request%2Froute&page=%2Fapi%2Forders%2Fcancel-request%2Froute&appPaths=&pagePath=private-next-app-dir%2Fapi%2Forders%2Fcancel-request%2Froute.ts&appDir=%2Fmnt%2FProiecte-Dev%2Fveridis-projects%2Fnext-shopify-headless-commerce%2Fsrc%2Fapp&pageExtensions=tsx&pageExtensions=ts&pageExtensions=jsx&pageExtensions=js&rootDir=%2Fmnt%2FProiecte-Dev%2Fveridis-projects%2Fnext-shopify-headless-commerce&isDev=true&tsconfigPath=tsconfig.json&basePath=&assetPrefix=&nextConfigOutput=&preferredRegion=&middlewareConfig=e30%3D&isGlobalNotFoundEnabled=!:265:32)
    at async handler (webpack-internal:///(rsc)/./node_modules/next/dist/build/webpack/loaders/next-app-loader/index.js?name=app%2Fapi%2Forders%2Fcancel-request%2Froute&page=%2Fapi%2Forders%2Fcancel-request%2Froute&appPaths=&pagePath=private-next-app-dir%2Fapi%2Forders%2Fcancel-request%2Froute.ts&appDir=%2Fmnt%2FProiecte-Dev%2Fveridis-projects%2Fnext-shopify-headless-commerce%2Fsrc%2Fapp&pageExtensions=tsx&pageExtensions=ts&pageExtensions=jsx&pageExtensions=js&rootDir=%2Fmnt%2FProiecte-Dev%2Fveridis-projects%2Fnext-shopify-headless-commerce&isDev=true&tsconfigPath=tsconfig.json&basePath=&assetPrefix=&nextConfigOutput=&preferredRegion=&middlewareConfig=e30%3D&isGlobalNotFoundEnabled=!:317:13)
    at async DevServer.renderToResponseWithComponentsImpl (/mnt/Proiecte-Dev/veridis-projects/next-shopify-headless-commerce/node_modules/next/dist/server/base-server.js:1422:9)
    at async DevServer.renderPageComponent (/mnt/Proiecte-Dev/veridis-projects/next-shopify-headless-commerce/node_modules/next/dist/server/base-server.js:1474:24)
    at async DevServer.renderToResponseImpl (/mnt/Proiecte-Dev/veridis-projects/next-shopify-headless-commerce/node_modules/next/dist/server/base-server.js:1514:32)
    at async DevServer.pipeImpl (/mnt/Proiecte-Dev/veridis-projects/next-shopify-headless-commerce/node_modules/next/dist/server/base-server.js:1025:25)
    at async NextNodeServer.handleCatchallRenderRequest (/mnt/Proiecte-Dev/veridis-projects/next-shopify-headless-commerce/node_modules/next/dist/server/next-server.js:393:17)
    at async DevServer.handleRequestImpl (/mnt/Proiecte-Dev/veridis-projects/next-shopify-headless-commerce/node_modules/next/dist/server/base-server.js:916:17)
    at async /mnt/Proiecte-Dev/veridis-projects/next-shopify-headless-commerce/node_modules/next/dist/server/dev/next-dev-server.js:399:20
    at async Span.traceAsyncFn (/mnt/Proiecte-Dev/veridis-projects/next-shopify-headless-commerce/node_modules/next/dist/trace/trace.js:157:20)
    at async DevServer.handleRequest (/mnt/Proiecte-Dev/veridis-projects/next-shopify-headless-commerce/node_modules/next/dist/server/dev/next-dev-server.js:395:24)
    at async invokeRender (/mnt/Proiecte-Dev/veridis-projects/next-shopify-headless-commerce/node_modules/next/dist/server/lib/router-server.js:240:21)
    at async handleRequest (/mnt/Proiecte-Dev/veridis-projects/next-shopify-headless-commerce/node_modules/next/dist/server/lib/router-server.js:437:24)
    at async requestHandlerImpl (/mnt/Proiecte-Dev/veridis-projects/next-shopify-headless-commerce/node_modules/next/dist/server/lib/router-server.js:485:13)
    at async Server.requestListener (/mnt/Proiecte-Dev/veridis-projects/next-shopify-headless-commerce/node_modules/next/dist/server/lib/start-server.js:226:13)
Details: {}

[2026-02-17T15:10:58.820Z] Error: Access denied for order field. Required access: `read_orders` access scope, `read_marketplace_orders` access scope or `read_quick_sale` access scope.
Stack: Error: Access denied for order field. Required access: `read_orders` access scope, `read_marketplace_orders` access scope or `read_quick_sale` access scope.
    at POST (webpack-internal:///(rsc)/./src/app/api/orders/cancel-request/route.ts:99:19)
    at process.processTicksAndRejections (node:internal/process/task_queues:103:5)
    at async AppRouteRouteModule.do (/mnt/Proiecte-Dev/veridis-projects/next-shopify-headless-commerce/node_modules/next/dist/compiled/next-server/app-route.runtime.dev.js:5:38696)
    at async AppRouteRouteModule.handle (/mnt/Proiecte-Dev/veridis-projects/next-shopify-headless-commerce/node_modules/next/dist/compiled/next-server/app-route.runtime.dev.js:5:45978)
    at async responseGenerator (webpack-internal:///(rsc)/./node_modules/next/dist/build/webpack/loaders/next-app-loader/index.js?name=app%2Fapi%2Forders%2Fcancel-request%2Froute&page=%2Fapi%2Forders%2Fcancel-request%2Froute&appPaths=&pagePath=private-next-app-dir%2Fapi%2Forders%2Fcancel-request%2Froute.ts&appDir=%2Fmnt%2FProiecte-Dev%2Fveridis-projects%2Fnext-shopify-headless-commerce%2Fsrc%2Fapp&pageExtensions=tsx&pageExtensions=ts&pageExtensions=jsx&pageExtensions=js&rootDir=%2Fmnt%2FProiecte-Dev%2Fveridis-projects%2Fnext-shopify-headless-commerce&isDev=true&tsconfigPath=tsconfig.json&basePath=&assetPrefix=&nextConfigOutput=&preferredRegion=&middlewareConfig=e30%3D&isGlobalNotFoundEnabled=!:203:38)
    at async AppRouteRouteModule.handleResponse (/mnt/Proiecte-Dev/veridis-projects/next-shopify-headless-commerce/node_modules/next/dist/compiled/next-server/app-route.runtime.dev.js:1:187565)
    at async handleResponse (webpack-internal:///(rsc)/./node_modules/next/dist/build/webpack/loaders/next-app-loader/index.js?name=app%2Fapi%2Forders%2Fcancel-request%2Froute&page=%2Fapi%2Forders%2Fcancel-request%2Froute&appPaths=&pagePath=private-next-app-dir%2Fapi%2Forders%2Fcancel-request%2Froute.ts&appDir=%2Fmnt%2FProiecte-Dev%2Fveridis-projects%2Fnext-shopify-headless-commerce%2Fsrc%2Fapp&pageExtensions=tsx&pageExtensions=ts&pageExtensions=jsx&pageExtensions=js&rootDir=%2Fmnt%2FProiecte-Dev%2Fveridis-projects%2Fnext-shopify-headless-commerce&isDev=true&tsconfigPath=tsconfig.json&basePath=&assetPrefix=&nextConfigOutput=&preferredRegion=&middlewareConfig=e30%3D&isGlobalNotFoundEnabled=!:265:32)
    at async handler (webpack-internal:///(rsc)/./node_modules/next/dist/build/webpack/loaders/next-app-loader/index.js?name=app%2Fapi%2Forders%2Fcancel-request%2Froute&page=%2Fapi%2Forders%2Fcancel-request%2Froute&appPaths=&pagePath=private-next-app-dir%2Fapi%2Forders%2Fcancel-request%2Froute.ts&appDir=%2Fmnt%2FProiecte-Dev%2Fveridis-projects%2Fnext-shopify-headless-commerce%2Fsrc%2Fapp&pageExtensions=tsx&pageExtensions=ts&pageExtensions=jsx&pageExtensions=js&rootDir=%2Fmnt%2FProiecte-Dev%2Fveridis-projects%2Fnext-shopify-headless-commerce&isDev=true&tsconfigPath=tsconfig.json&basePath=&assetPrefix=&nextConfigOutput=&preferredRegion=&middlewareConfig=e30%3D&isGlobalNotFoundEnabled=!:317:13)
    at async DevServer.renderToResponseWithComponentsImpl (/mnt/Proiecte-Dev/veridis-projects/next-shopify-headless-commerce/node_modules/next/dist/server/base-server.js:1422:9)
    at async DevServer.renderPageComponent (/mnt/Proiecte-Dev/veridis-projects/next-shopify-headless-commerce/node_modules/next/dist/server/base-server.js:1474:24)
    at async DevServer.renderToResponseImpl (/mnt/Proiecte-Dev/veridis-projects/next-shopify-headless-commerce/node_modules/next/dist/server/base-server.js:1514:32)
    at async DevServer.pipeImpl (/mnt/Proiecte-Dev/veridis-projects/next-shopify-headless-commerce/node_modules/next/dist/server/base-server.js:1025:25)
    at async NextNodeServer.handleCatchallRenderRequest (/mnt/Proiecte-Dev/veridis-projects/next-shopify-headless-commerce/node_modules/next/dist/server/next-server.js:393:17)
    at async DevServer.handleRequestImpl (/mnt/Proiecte-Dev/veridis-projects/next-shopify-headless-commerce/node_modules/next/dist/server/base-server.js:916:17)
    at async /mnt/Proiecte-Dev/veridis-projects/next-shopify-headless-commerce/node_modules/next/dist/server/dev/next-dev-server.js:399:20
    at async Span.traceAsyncFn (/mnt/Proiecte-Dev/veridis-projects/next-shopify-headless-commerce/node_modules/next/dist/trace/trace.js:157:20)
    at async DevServer.handleRequest (/mnt/Proiecte-Dev/veridis-projects/next-shopify-headless-commerce/node_modules/next/dist/server/dev/next-dev-server.js:395:24)
    at async invokeRender (/mnt/Proiecte-Dev/veridis-projects/next-shopify-headless-commerce/node_modules/next/dist/server/lib/router-server.js:240:21)
    at async handleRequest (/mnt/Proiecte-Dev/veridis-projects/next-shopify-headless-commerce/node_modules/next/dist/server/lib/router-server.js:437:24)
    at async requestHandlerImpl (/mnt/Proiecte-Dev/veridis-projects/next-shopify-headless-commerce/node_modules/next/dist/server/lib/router-server.js:485:13)
    at async Server.requestListener (/mnt/Proiecte-Dev/veridis-projects/next-shopify-headless-commerce/node_modules/next/dist/server/lib/start-server.js:226:13)
Details: {}

